2019-10-13 04:12:34,463 INFO org.apache.hadoop.conf.Configuration.deprecation: session.id is deprecated. Instead, use dfs.metrics.session-id
2019-10-13 04:12:34,464 INFO org.apache.hadoop.metrics.jvm.JvmMetrics: Initializing JVM Metrics with processName=JobTracker, sessionId=
2019-10-13 04:13:36,708 INFO org.apache.hadoop.conf.Configuration.deprecation: session.id is deprecated. Instead, use dfs.metrics.session-id
2019-10-13 04:13:36,710 INFO org.apache.hadoop.metrics.jvm.JvmMetrics: Initializing JVM Metrics with processName=JobTracker, sessionId=
2019-10-13 04:13:36,981 WARN org.apache.hadoop.mapreduce.JobResourceUploader: Hadoop command-line option parsing not performed. Implement the Tool interface and execute your application with ToolRunner to remedy this.
2019-10-13 04:13:36,984 WARN org.apache.hadoop.mapreduce.JobResourceUploader: No job jar file set.  User classes may not be found. See Job or Job#setJar(String).
2019-10-13 04:13:36,994 INFO org.apache.hadoop.mapreduce.lib.input.FileInputFormat: Total input paths to process : 1
2019-10-13 04:13:37,024 INFO org.apache.hadoop.mapreduce.JobSubmitter: number of splits:1
2019-10-13 04:13:37,219 INFO org.apache.hadoop.mapreduce.JobSubmitter: Submitting tokens for job: job_local188852428_0001
2019-10-13 04:13:37,412 INFO org.apache.hadoop.mapreduce.Job: The url to track the job: http://localhost:8080/
2019-10-13 04:13:37,414 INFO org.apache.hadoop.mapreduce.Job: Running job: job_local188852428_0001
2019-10-13 04:13:37,415 INFO org.apache.hadoop.mapred.LocalJobRunner: OutputCommitter set in config null
2019-10-13 04:13:37,421 INFO org.apache.hadoop.mapreduce.lib.output.FileOutputCommitter: File Output Committer Algorithm version is 1
2019-10-13 04:13:37,421 INFO org.apache.hadoop.mapreduce.lib.output.FileOutputCommitter: FileOutputCommitter skip cleanup _temporary folders under output directory:false, ignore cleanup failures: false
2019-10-13 04:13:37,425 INFO org.apache.hadoop.mapred.LocalJobRunner: OutputCommitter is org.apache.hadoop.mapreduce.lib.output.FileOutputCommitter
2019-10-13 04:13:37,463 INFO org.apache.hadoop.mapred.LocalJobRunner: Waiting for map tasks
2019-10-13 04:13:37,464 INFO org.apache.hadoop.mapred.LocalJobRunner: Starting task: attempt_local188852428_0001_m_000000_0
2019-10-13 04:13:37,509 INFO org.apache.hadoop.mapreduce.lib.output.FileOutputCommitter: File Output Committer Algorithm version is 1
2019-10-13 04:13:37,509 INFO org.apache.hadoop.mapreduce.lib.output.FileOutputCommitter: FileOutputCommitter skip cleanup _temporary folders under output directory:false, ignore cleanup failures: false
2019-10-13 04:13:37,520 INFO org.apache.hadoop.mapred.Task:  Using ResourceCalculatorProcessTree : [ ]
2019-10-13 04:13:37,524 INFO org.apache.hadoop.mapred.MapTask: Processing split: file:/home/cloudera/workspace/CourseWorkTask1PartA/input/SalariesACMEUniversityFY2018.csv:0+256543
2019-10-13 04:13:37,666 INFO org.apache.hadoop.mapred.MapTask: (EQUATOR) 0 kvi 26214396(104857584)
2019-10-13 04:13:37,669 INFO org.apache.hadoop.mapred.MapTask: mapreduce.task.io.sort.mb: 100
2019-10-13 04:13:37,669 INFO org.apache.hadoop.mapred.MapTask: soft limit at 83886080
2019-10-13 04:13:37,669 INFO org.apache.hadoop.mapred.MapTask: bufstart = 0; bufvoid = 104857600
2019-10-13 04:13:37,669 INFO org.apache.hadoop.mapred.MapTask: kvstart = 26214396; length = 6553600
2019-10-13 04:13:37,672 INFO org.apache.hadoop.mapred.MapTask: Map output collector class = org.apache.hadoop.mapred.MapTask$MapOutputBuffer
2019-10-13 04:13:38,056 INFO org.apache.hadoop.mapred.LocalJobRunner: 
2019-10-13 04:13:38,056 INFO org.apache.hadoop.mapred.MapTask: Starting flush of map output
2019-10-13 04:13:38,056 INFO org.apache.hadoop.mapred.MapTask: Spilling map output
2019-10-13 04:13:38,056 INFO org.apache.hadoop.mapred.MapTask: bufstart = 0; bufend = 118912; bufvoid = 104857600
2019-10-13 04:13:38,056 INFO org.apache.hadoop.mapred.MapTask: kvstart = 26214396(104857584); kvend = 26201784(104807136); length = 12613/6553600
2019-10-13 04:13:38,170 INFO org.apache.hadoop.mapred.MapTask: Finished spill 0
2019-10-13 04:13:38,173 INFO org.apache.hadoop.mapred.Task: Task:attempt_local188852428_0001_m_000000_0 is done. And is in the process of committing
2019-10-13 04:13:38,180 INFO org.apache.hadoop.mapred.LocalJobRunner: map
2019-10-13 04:13:38,180 INFO org.apache.hadoop.mapred.Task: Task 'attempt_local188852428_0001_m_000000_0' done.
2019-10-13 04:13:38,180 INFO org.apache.hadoop.mapred.LocalJobRunner: Finishing task: attempt_local188852428_0001_m_000000_0
2019-10-13 04:13:38,180 INFO org.apache.hadoop.mapred.LocalJobRunner: map task executor complete.
2019-10-13 04:13:38,184 INFO org.apache.hadoop.mapred.LocalJobRunner: Waiting for reduce tasks
2019-10-13 04:13:38,184 INFO org.apache.hadoop.mapred.LocalJobRunner: Starting task: attempt_local188852428_0001_r_000000_0
2019-10-13 04:13:38,190 INFO org.apache.hadoop.mapreduce.lib.output.FileOutputCommitter: File Output Committer Algorithm version is 1
2019-10-13 04:13:38,190 INFO org.apache.hadoop.mapreduce.lib.output.FileOutputCommitter: FileOutputCommitter skip cleanup _temporary folders under output directory:false, ignore cleanup failures: false
2019-10-13 04:13:38,191 INFO org.apache.hadoop.mapred.Task:  Using ResourceCalculatorProcessTree : [ ]
2019-10-13 04:13:38,193 INFO org.apache.hadoop.mapred.ReduceTask: Using ShuffleConsumerPlugin: org.apache.hadoop.mapreduce.task.reduce.Shuffle@494849f5
2019-10-13 04:13:38,204 INFO org.apache.hadoop.mapreduce.task.reduce.MergeManagerImpl: MergerManager: memoryLimit=1789132800, maxSingleShuffleLimit=447283200, mergeThreshold=1180827648, ioSortFactor=10, memToMemMergeOutputsThreshold=10
2019-10-13 04:13:38,206 INFO org.apache.hadoop.mapreduce.task.reduce.EventFetcher: attempt_local188852428_0001_r_000000_0 Thread started: EventFetcher for fetching Map Completion Events
2019-10-13 04:13:38,238 INFO org.apache.hadoop.mapreduce.task.reduce.LocalFetcher: localfetcher#1 about to shuffle output of map attempt_local188852428_0001_m_000000_0 decomp: 125222 len: 125226 to MEMORY
2019-10-13 04:13:38,244 INFO org.apache.hadoop.mapreduce.task.reduce.InMemoryMapOutput: Read 125222 bytes from map-output for attempt_local188852428_0001_m_000000_0
2019-10-13 04:13:38,245 INFO org.apache.hadoop.mapreduce.task.reduce.MergeManagerImpl: closeInMemoryFile -> map-output of size: 125222, inMemoryMapOutputs.size() -> 1, commitMemory -> 0, usedMemory ->125222
2019-10-13 04:13:38,246 INFO org.apache.hadoop.mapreduce.task.reduce.EventFetcher: EventFetcher is interrupted.. Returning
2019-10-13 04:13:38,247 INFO org.apache.hadoop.mapred.LocalJobRunner: 1 / 1 copied.
2019-10-13 04:13:38,248 INFO org.apache.hadoop.mapreduce.task.reduce.MergeManagerImpl: finalMerge called with 1 in-memory map-outputs and 0 on-disk map-outputs
2019-10-13 04:13:38,253 INFO org.apache.hadoop.mapred.Merger: Merging 1 sorted segments
2019-10-13 04:13:38,253 INFO org.apache.hadoop.mapred.Merger: Down to the last merge-pass, with 1 segments left of total size: 125178 bytes
2019-10-13 04:13:38,307 INFO org.apache.hadoop.mapreduce.task.reduce.MergeManagerImpl: Merged 1 segments, 125222 bytes to disk to satisfy reduce memory limit
2019-10-13 04:13:38,307 INFO org.apache.hadoop.mapreduce.task.reduce.MergeManagerImpl: Merging 1 files, 125226 bytes from disk
2019-10-13 04:13:38,308 INFO org.apache.hadoop.mapreduce.task.reduce.MergeManagerImpl: Merging 0 segments, 0 bytes from memory into reduce
2019-10-13 04:13:38,308 INFO org.apache.hadoop.mapred.Merger: Merging 1 sorted segments
2019-10-13 04:13:38,309 INFO org.apache.hadoop.mapred.Merger: Down to the last merge-pass, with 1 segments left of total size: 125178 bytes
2019-10-13 04:13:38,309 INFO org.apache.hadoop.mapred.LocalJobRunner: 1 / 1 copied.
2019-10-13 04:13:38,312 INFO org.apache.hadoop.conf.Configuration.deprecation: mapred.skip.on is deprecated. Instead, use mapreduce.job.skiprecords
2019-10-13 04:13:38,418 INFO org.apache.hadoop.mapreduce.Job: Job job_local188852428_0001 running in uber mode : false
2019-10-13 04:13:38,419 INFO org.apache.hadoop.mapreduce.Job:  map 100% reduce 0%
2019-10-13 04:13:38,474 INFO org.apache.hadoop.mapred.Task: Task:attempt_local188852428_0001_r_000000_0 is done. And is in the process of committing
2019-10-13 04:13:38,475 INFO org.apache.hadoop.mapred.LocalJobRunner: 1 / 1 copied.
2019-10-13 04:13:38,475 INFO org.apache.hadoop.mapred.Task: Task attempt_local188852428_0001_r_000000_0 is allowed to commit now
2019-10-13 04:13:38,476 INFO org.apache.hadoop.mapreduce.lib.output.FileOutputCommitter: Saved output of task 'attempt_local188852428_0001_r_000000_0' to file:/home/cloudera/workspace/CourseWorkTask1PartA/output/_temporary/0/task_local188852428_0001_r_000000
2019-10-13 04:13:38,477 INFO org.apache.hadoop.mapred.LocalJobRunner: reduce > reduce
2019-10-13 04:13:38,477 INFO org.apache.hadoop.mapred.Task: Task 'attempt_local188852428_0001_r_000000_0' done.
2019-10-13 04:13:38,477 INFO org.apache.hadoop.mapred.LocalJobRunner: Finishing task: attempt_local188852428_0001_r_000000_0
2019-10-13 04:13:38,477 INFO org.apache.hadoop.mapred.LocalJobRunner: reduce task executor complete.
2019-10-13 04:13:39,421 INFO org.apache.hadoop.mapreduce.Job:  map 100% reduce 100%
2019-10-13 04:13:39,424 INFO org.apache.hadoop.mapreduce.Job: Job job_local188852428_0001 completed successfully
2019-10-13 04:13:39,470 INFO org.apache.hadoop.mapreduce.Job: Counters: 30
	File System Counters
		FILE: Number of bytes read=763992
		FILE: Number of bytes written=974149
		FILE: Number of read operations=0
		FILE: Number of large read operations=0
		FILE: Number of write operations=0
	Map-Reduce Framework
		Map input records=3155
		Map output records=3154
		Map output bytes=118912
		Map output materialized bytes=125226
		Input split bytes=154
		Combine input records=0
		Combine output records=0
		Reduce input groups=1419
		Reduce shuffle bytes=125226
		Reduce input records=3154
		Reduce output records=201
		Spilled Records=6308
		Shuffled Maps =1
		Failed Shuffles=0
		Merged Map outputs=1
		GC time elapsed (ms)=0
		Total committed heap usage (bytes)=436207616
	Shuffle Errors
		BAD_ID=0
		CONNECTION=0
		IO_ERROR=0
		WRONG_LENGTH=0
		WRONG_MAP=0
		WRONG_REDUCE=0
	File Input Format Counters 
		Bytes Read=256543
	File Output Format Counters 
		Bytes Written=8221
