2019-10-13 04:15:23,410 INFO org.apache.hadoop.conf.Configuration.deprecation: session.id is deprecated. Instead, use dfs.metrics.session-id
2019-10-13 04:15:23,411 INFO org.apache.hadoop.metrics.jvm.JvmMetrics: Initializing JVM Metrics with processName=JobTracker, sessionId=
2019-10-13 04:15:23,676 WARN org.apache.hadoop.mapreduce.JobResourceUploader: Hadoop command-line option parsing not performed. Implement the Tool interface and execute your application with ToolRunner to remedy this.
2019-10-13 04:15:23,679 WARN org.apache.hadoop.mapreduce.JobResourceUploader: No job jar file set.  User classes may not be found. See Job or Job#setJar(String).
2019-10-13 04:15:23,689 INFO org.apache.hadoop.mapreduce.lib.input.FileInputFormat: Total input paths to process : 1
2019-10-13 04:15:23,719 INFO org.apache.hadoop.mapreduce.JobSubmitter: number of splits:1
2019-10-13 04:15:23,914 INFO org.apache.hadoop.mapreduce.JobSubmitter: Submitting tokens for job: job_local1206863051_0001
2019-10-13 04:15:24,113 INFO org.apache.hadoop.mapreduce.Job: The url to track the job: http://localhost:8080/
2019-10-13 04:15:24,113 INFO org.apache.hadoop.mapreduce.Job: Running job: job_local1206863051_0001
2019-10-13 04:15:24,114 INFO org.apache.hadoop.mapred.LocalJobRunner: OutputCommitter set in config null
2019-10-13 04:15:24,122 INFO org.apache.hadoop.mapreduce.lib.output.FileOutputCommitter: File Output Committer Algorithm version is 1
2019-10-13 04:15:24,122 INFO org.apache.hadoop.mapreduce.lib.output.FileOutputCommitter: FileOutputCommitter skip cleanup _temporary folders under output directory:false, ignore cleanup failures: false
2019-10-13 04:15:24,123 INFO org.apache.hadoop.mapred.LocalJobRunner: OutputCommitter is org.apache.hadoop.mapreduce.lib.output.FileOutputCommitter
2019-10-13 04:15:24,183 INFO org.apache.hadoop.mapred.LocalJobRunner: Waiting for map tasks
2019-10-13 04:15:24,183 INFO org.apache.hadoop.mapred.LocalJobRunner: Starting task: attempt_local1206863051_0001_m_000000_0
2019-10-13 04:15:24,205 INFO org.apache.hadoop.mapreduce.lib.output.FileOutputCommitter: File Output Committer Algorithm version is 1
2019-10-13 04:15:24,206 INFO org.apache.hadoop.mapreduce.lib.output.FileOutputCommitter: FileOutputCommitter skip cleanup _temporary folders under output directory:false, ignore cleanup failures: false
2019-10-13 04:15:24,218 INFO org.apache.hadoop.mapred.Task:  Using ResourceCalculatorProcessTree : [ ]
2019-10-13 04:15:24,221 INFO org.apache.hadoop.mapred.MapTask: Processing split: file:/home/cloudera/workspace/CourseWorkTask1PartD_AvgSalPerDepart/input/SalariesACMEUniversityFY2018.csv:0+256543
2019-10-13 04:15:24,327 INFO org.apache.hadoop.mapred.MapTask: (EQUATOR) 0 kvi 26214396(104857584)
2019-10-13 04:15:24,327 INFO org.apache.hadoop.mapred.MapTask: mapreduce.task.io.sort.mb: 100
2019-10-13 04:15:24,327 INFO org.apache.hadoop.mapred.MapTask: soft limit at 83886080
2019-10-13 04:15:24,327 INFO org.apache.hadoop.mapred.MapTask: bufstart = 0; bufvoid = 104857600
2019-10-13 04:15:24,328 INFO org.apache.hadoop.mapred.MapTask: kvstart = 26214396; length = 6553600
2019-10-13 04:15:24,334 INFO org.apache.hadoop.mapred.MapTask: Map output collector class = org.apache.hadoop.mapred.MapTask$MapOutputBuffer
2019-10-13 04:15:24,729 INFO org.apache.hadoop.mapred.LocalJobRunner: 
2019-10-13 04:15:24,729 INFO org.apache.hadoop.mapred.MapTask: Starting flush of map output
2019-10-13 04:15:24,729 INFO org.apache.hadoop.mapred.MapTask: Spilling map output
2019-10-13 04:15:24,729 INFO org.apache.hadoop.mapred.MapTask: bufstart = 0; bufend = 56027; bufvoid = 104857600
2019-10-13 04:15:24,729 INFO org.apache.hadoop.mapred.MapTask: kvstart = 26214396(104857584); kvend = 26201784(104807136); length = 12613/6553600
2019-10-13 04:15:24,819 INFO org.apache.hadoop.mapred.MapTask: Finished spill 0
2019-10-13 04:15:24,822 INFO org.apache.hadoop.mapred.Task: Task:attempt_local1206863051_0001_m_000000_0 is done. And is in the process of committing
2019-10-13 04:15:24,829 INFO org.apache.hadoop.mapred.LocalJobRunner: map
2019-10-13 04:15:24,830 INFO org.apache.hadoop.mapred.Task: Task 'attempt_local1206863051_0001_m_000000_0' done.
2019-10-13 04:15:24,830 INFO org.apache.hadoop.mapred.LocalJobRunner: Finishing task: attempt_local1206863051_0001_m_000000_0
2019-10-13 04:15:24,830 INFO org.apache.hadoop.mapred.LocalJobRunner: map task executor complete.
2019-10-13 04:15:24,837 INFO org.apache.hadoop.mapred.LocalJobRunner: Waiting for reduce tasks
2019-10-13 04:15:24,837 INFO org.apache.hadoop.mapred.LocalJobRunner: Starting task: attempt_local1206863051_0001_r_000000_0
2019-10-13 04:15:24,844 INFO org.apache.hadoop.mapreduce.lib.output.FileOutputCommitter: File Output Committer Algorithm version is 1
2019-10-13 04:15:24,844 INFO org.apache.hadoop.mapreduce.lib.output.FileOutputCommitter: FileOutputCommitter skip cleanup _temporary folders under output directory:false, ignore cleanup failures: false
2019-10-13 04:15:24,845 INFO org.apache.hadoop.mapred.Task:  Using ResourceCalculatorProcessTree : [ ]
2019-10-13 04:15:24,848 INFO org.apache.hadoop.mapred.ReduceTask: Using ShuffleConsumerPlugin: org.apache.hadoop.mapreduce.task.reduce.Shuffle@14d4a0be
2019-10-13 04:15:24,859 INFO org.apache.hadoop.mapreduce.task.reduce.MergeManagerImpl: MergerManager: memoryLimit=1789132800, maxSingleShuffleLimit=447283200, mergeThreshold=1180827648, ioSortFactor=10, memToMemMergeOutputsThreshold=10
2019-10-13 04:15:24,861 INFO org.apache.hadoop.mapreduce.task.reduce.EventFetcher: attempt_local1206863051_0001_r_000000_0 Thread started: EventFetcher for fetching Map Completion Events
2019-10-13 04:15:24,902 INFO org.apache.hadoop.mapreduce.task.reduce.LocalFetcher: localfetcher#1 about to shuffle output of map attempt_local1206863051_0001_m_000000_0 decomp: 62337 len: 62341 to MEMORY
2019-10-13 04:15:24,907 INFO org.apache.hadoop.mapreduce.task.reduce.InMemoryMapOutput: Read 62337 bytes from map-output for attempt_local1206863051_0001_m_000000_0
2019-10-13 04:15:24,909 INFO org.apache.hadoop.mapreduce.task.reduce.MergeManagerImpl: closeInMemoryFile -> map-output of size: 62337, inMemoryMapOutputs.size() -> 1, commitMemory -> 0, usedMemory ->62337
2019-10-13 04:15:24,911 INFO org.apache.hadoop.mapreduce.task.reduce.EventFetcher: EventFetcher is interrupted.. Returning
2019-10-13 04:15:24,912 INFO org.apache.hadoop.mapred.LocalJobRunner: 1 / 1 copied.
2019-10-13 04:15:24,913 INFO org.apache.hadoop.mapreduce.task.reduce.MergeManagerImpl: finalMerge called with 1 in-memory map-outputs and 0 on-disk map-outputs
2019-10-13 04:15:24,917 INFO org.apache.hadoop.mapred.Merger: Merging 1 sorted segments
2019-10-13 04:15:24,918 INFO org.apache.hadoop.mapred.Merger: Down to the last merge-pass, with 1 segments left of total size: 62318 bytes
2019-10-13 04:15:24,958 INFO org.apache.hadoop.mapreduce.task.reduce.MergeManagerImpl: Merged 1 segments, 62337 bytes to disk to satisfy reduce memory limit
2019-10-13 04:15:24,958 INFO org.apache.hadoop.mapreduce.task.reduce.MergeManagerImpl: Merging 1 files, 62341 bytes from disk
2019-10-13 04:15:24,959 INFO org.apache.hadoop.mapreduce.task.reduce.MergeManagerImpl: Merging 0 segments, 0 bytes from memory into reduce
2019-10-13 04:15:24,959 INFO org.apache.hadoop.mapred.Merger: Merging 1 sorted segments
2019-10-13 04:15:24,960 INFO org.apache.hadoop.mapred.Merger: Down to the last merge-pass, with 1 segments left of total size: 62318 bytes
2019-10-13 04:15:24,960 INFO org.apache.hadoop.mapred.LocalJobRunner: 1 / 1 copied.
2019-10-13 04:15:24,963 INFO org.apache.hadoop.conf.Configuration.deprecation: mapred.skip.on is deprecated. Instead, use mapreduce.job.skiprecords
2019-10-13 04:15:25,063 INFO org.apache.hadoop.mapred.Task: Task:attempt_local1206863051_0001_r_000000_0 is done. And is in the process of committing
2019-10-13 04:15:25,065 INFO org.apache.hadoop.mapred.LocalJobRunner: 1 / 1 copied.
2019-10-13 04:15:25,065 INFO org.apache.hadoop.mapred.Task: Task attempt_local1206863051_0001_r_000000_0 is allowed to commit now
2019-10-13 04:15:25,066 INFO org.apache.hadoop.mapreduce.lib.output.FileOutputCommitter: Saved output of task 'attempt_local1206863051_0001_r_000000_0' to file:/home/cloudera/workspace/CourseWorkTask1PartD_AvgSalPerDepart/output/_temporary/0/task_local1206863051_0001_r_000000
2019-10-13 04:15:25,071 INFO org.apache.hadoop.mapred.LocalJobRunner: reduce > reduce
2019-10-13 04:15:25,071 INFO org.apache.hadoop.mapred.Task: Task 'attempt_local1206863051_0001_r_000000_0' done.
2019-10-13 04:15:25,072 INFO org.apache.hadoop.mapred.LocalJobRunner: Finishing task: attempt_local1206863051_0001_r_000000_0
2019-10-13 04:15:25,072 INFO org.apache.hadoop.mapred.LocalJobRunner: reduce task executor complete.
2019-10-13 04:15:25,120 INFO org.apache.hadoop.mapreduce.Job: Job job_local1206863051_0001 running in uber mode : false
2019-10-13 04:15:25,121 INFO org.apache.hadoop.mapreduce.Job:  map 100% reduce 100%
2019-10-13 04:15:25,121 INFO org.apache.hadoop.mapreduce.Job: Job job_local1206863051_0001 completed successfully
2019-10-13 04:15:25,139 INFO org.apache.hadoop.mapreduce.Job: Counters: 30
	File System Counters
		FILE: Number of bytes read=638254
		FILE: Number of bytes written=780913
		FILE: Number of read operations=0
		FILE: Number of large read operations=0
		FILE: Number of write operations=0
	Map-Reduce Framework
		Map input records=3155
		Map output records=3154
		Map output bytes=56027
		Map output materialized bytes=62341
		Input split bytes=170
		Combine input records=0
		Combine output records=0
		Reduce input groups=8
		Reduce shuffle bytes=62341
		Reduce input records=3154
		Reduce output records=8
		Spilled Records=6308
		Shuffled Maps =1
		Failed Shuffles=0
		Merged Map outputs=1
		GC time elapsed (ms)=0
		Total committed heap usage (bytes)=344981504
	Shuffle Errors
		BAD_ID=0
		CONNECTION=0
		IO_ERROR=0
		WRONG_LENGTH=0
		WRONG_MAP=0
		WRONG_REDUCE=0
	File Input Format Counters 
		Bytes Read=256543
	File Output Format Counters 
		Bytes Written=244
