2019-10-11 04:29:51,131 INFO org.apache.hadoop.conf.Configuration.deprecation: session.id is deprecated. Instead, use dfs.metrics.session-id
2019-10-11 04:29:51,132 INFO org.apache.hadoop.metrics.jvm.JvmMetrics: Initializing JVM Metrics with processName=JobTracker, sessionId=
2019-10-11 04:29:51,398 WARN org.apache.hadoop.mapreduce.JobResourceUploader: Hadoop command-line option parsing not performed. Implement the Tool interface and execute your application with ToolRunner to remedy this.
2019-10-11 04:29:51,401 WARN org.apache.hadoop.mapreduce.JobResourceUploader: No job jar file set.  User classes may not be found. See Job or Job#setJar(String).
2019-10-11 04:29:51,410 INFO org.apache.hadoop.mapreduce.lib.input.FileInputFormat: Total input paths to process : 1
2019-10-11 04:29:51,442 INFO org.apache.hadoop.mapreduce.JobSubmitter: number of splits:1
2019-10-11 04:29:51,644 INFO org.apache.hadoop.mapreduce.JobSubmitter: Submitting tokens for job: job_local1682183091_0001
2019-10-11 04:29:51,840 INFO org.apache.hadoop.mapreduce.Job: The url to track the job: http://localhost:8080/
2019-10-11 04:29:51,841 INFO org.apache.hadoop.mapreduce.Job: Running job: job_local1682183091_0001
2019-10-11 04:29:51,842 INFO org.apache.hadoop.mapred.LocalJobRunner: OutputCommitter set in config null
2019-10-11 04:29:51,847 INFO org.apache.hadoop.mapreduce.lib.output.FileOutputCommitter: File Output Committer Algorithm version is 1
2019-10-11 04:29:51,848 INFO org.apache.hadoop.mapreduce.lib.output.FileOutputCommitter: FileOutputCommitter skip cleanup _temporary folders under output directory:false, ignore cleanup failures: false
2019-10-11 04:29:51,848 INFO org.apache.hadoop.mapred.LocalJobRunner: OutputCommitter is org.apache.hadoop.mapreduce.lib.output.FileOutputCommitter
2019-10-11 04:29:51,898 INFO org.apache.hadoop.mapred.LocalJobRunner: Waiting for map tasks
2019-10-11 04:29:51,899 INFO org.apache.hadoop.mapred.LocalJobRunner: Starting task: attempt_local1682183091_0001_m_000000_0
2019-10-11 04:29:51,920 INFO org.apache.hadoop.mapreduce.lib.output.FileOutputCommitter: File Output Committer Algorithm version is 1
2019-10-11 04:29:51,920 INFO org.apache.hadoop.mapreduce.lib.output.FileOutputCommitter: FileOutputCommitter skip cleanup _temporary folders under output directory:false, ignore cleanup failures: false
2019-10-11 04:29:51,930 INFO org.apache.hadoop.mapred.Task:  Using ResourceCalculatorProcessTree : [ ]
2019-10-11 04:29:51,937 INFO org.apache.hadoop.mapred.MapTask: Processing split: file:/home/cloudera/workspace/CourseWorkTask1PartC_NumStaffPerDepartment/input/SalariesACMEUniversityFY2018.csv:0+256543
2019-10-11 04:29:51,961 INFO org.apache.hadoop.mapred.MapTask: (EQUATOR) 0 kvi 26214396(104857584)
2019-10-11 04:29:51,961 INFO org.apache.hadoop.mapred.MapTask: mapreduce.task.io.sort.mb: 100
2019-10-11 04:29:51,961 INFO org.apache.hadoop.mapred.MapTask: soft limit at 83886080
2019-10-11 04:29:51,961 INFO org.apache.hadoop.mapred.MapTask: bufstart = 0; bufvoid = 104857600
2019-10-11 04:29:51,962 INFO org.apache.hadoop.mapred.MapTask: kvstart = 26214396; length = 6553600
2019-10-11 04:29:51,967 INFO org.apache.hadoop.mapred.MapTask: Map output collector class = org.apache.hadoop.mapred.MapTask$MapOutputBuffer
2019-10-11 04:29:52,845 INFO org.apache.hadoop.mapreduce.Job: Job job_local1682183091_0001 running in uber mode : false
2019-10-11 04:29:52,846 INFO org.apache.hadoop.mapreduce.Job:  map 0% reduce 0%
2019-10-11 04:30:02,456 INFO org.apache.hadoop.mapred.LocalJobRunner: 
2019-10-11 04:30:02,457 INFO org.apache.hadoop.mapred.MapTask: Starting flush of map output
2019-10-11 04:30:02,457 INFO org.apache.hadoop.mapred.MapTask: Spilling map output
2019-10-11 04:30:02,457 INFO org.apache.hadoop.mapred.MapTask: bufstart = 0; bufend = 56027; bufvoid = 104857600
2019-10-11 04:30:02,457 INFO org.apache.hadoop.mapred.MapTask: kvstart = 26214396(104857584); kvend = 26201784(104807136); length = 12613/6553600
2019-10-11 04:30:02,528 INFO org.apache.hadoop.mapred.MapTask: Finished spill 0
2019-10-11 04:30:02,531 INFO org.apache.hadoop.mapred.Task: Task:attempt_local1682183091_0001_m_000000_0 is done. And is in the process of committing
2019-10-11 04:30:02,538 INFO org.apache.hadoop.mapred.LocalJobRunner: map
2019-10-11 04:30:02,538 INFO org.apache.hadoop.mapred.Task: Task 'attempt_local1682183091_0001_m_000000_0' done.
2019-10-11 04:30:02,538 INFO org.apache.hadoop.mapred.LocalJobRunner: Finishing task: attempt_local1682183091_0001_m_000000_0
2019-10-11 04:30:02,538 INFO org.apache.hadoop.mapred.LocalJobRunner: map task executor complete.
2019-10-11 04:30:02,542 INFO org.apache.hadoop.mapred.LocalJobRunner: Waiting for reduce tasks
2019-10-11 04:30:02,542 INFO org.apache.hadoop.mapred.LocalJobRunner: Starting task: attempt_local1682183091_0001_r_000000_0
2019-10-11 04:30:02,548 INFO org.apache.hadoop.mapreduce.lib.output.FileOutputCommitter: File Output Committer Algorithm version is 1
2019-10-11 04:30:02,549 INFO org.apache.hadoop.mapreduce.lib.output.FileOutputCommitter: FileOutputCommitter skip cleanup _temporary folders under output directory:false, ignore cleanup failures: false
2019-10-11 04:30:02,549 INFO org.apache.hadoop.mapred.Task:  Using ResourceCalculatorProcessTree : [ ]
2019-10-11 04:30:02,551 INFO org.apache.hadoop.mapred.ReduceTask: Using ShuffleConsumerPlugin: org.apache.hadoop.mapreduce.task.reduce.Shuffle@37535a54
2019-10-11 04:30:02,561 INFO org.apache.hadoop.mapreduce.task.reduce.MergeManagerImpl: MergerManager: memoryLimit=1789132800, maxSingleShuffleLimit=447283200, mergeThreshold=1180827648, ioSortFactor=10, memToMemMergeOutputsThreshold=10
2019-10-11 04:30:02,566 INFO org.apache.hadoop.mapreduce.task.reduce.EventFetcher: attempt_local1682183091_0001_r_000000_0 Thread started: EventFetcher for fetching Map Completion Events
2019-10-11 04:30:02,596 INFO org.apache.hadoop.mapreduce.task.reduce.LocalFetcher: localfetcher#1 about to shuffle output of map attempt_local1682183091_0001_m_000000_0 decomp: 62337 len: 62341 to MEMORY
2019-10-11 04:30:02,601 INFO org.apache.hadoop.mapreduce.task.reduce.InMemoryMapOutput: Read 62337 bytes from map-output for attempt_local1682183091_0001_m_000000_0
2019-10-11 04:30:02,603 INFO org.apache.hadoop.mapreduce.task.reduce.MergeManagerImpl: closeInMemoryFile -> map-output of size: 62337, inMemoryMapOutputs.size() -> 1, commitMemory -> 0, usedMemory ->62337
2019-10-11 04:30:02,604 INFO org.apache.hadoop.mapreduce.task.reduce.EventFetcher: EventFetcher is interrupted.. Returning
2019-10-11 04:30:02,605 INFO org.apache.hadoop.mapred.LocalJobRunner: 1 / 1 copied.
2019-10-11 04:30:02,605 INFO org.apache.hadoop.mapreduce.task.reduce.MergeManagerImpl: finalMerge called with 1 in-memory map-outputs and 0 on-disk map-outputs
2019-10-11 04:30:02,610 INFO org.apache.hadoop.mapred.Merger: Merging 1 sorted segments
2019-10-11 04:30:02,610 INFO org.apache.hadoop.mapred.Merger: Down to the last merge-pass, with 1 segments left of total size: 62318 bytes
2019-10-11 04:30:02,648 INFO org.apache.hadoop.mapreduce.task.reduce.MergeManagerImpl: Merged 1 segments, 62337 bytes to disk to satisfy reduce memory limit
2019-10-11 04:30:02,648 INFO org.apache.hadoop.mapreduce.task.reduce.MergeManagerImpl: Merging 1 files, 62341 bytes from disk
2019-10-11 04:30:02,649 INFO org.apache.hadoop.mapreduce.task.reduce.MergeManagerImpl: Merging 0 segments, 0 bytes from memory into reduce
2019-10-11 04:30:02,649 INFO org.apache.hadoop.mapred.Merger: Merging 1 sorted segments
2019-10-11 04:30:02,649 INFO org.apache.hadoop.mapred.Merger: Down to the last merge-pass, with 1 segments left of total size: 62318 bytes
2019-10-11 04:30:02,650 INFO org.apache.hadoop.mapred.LocalJobRunner: 1 / 1 copied.
2019-10-11 04:30:02,653 INFO org.apache.hadoop.conf.Configuration.deprecation: mapred.skip.on is deprecated. Instead, use mapreduce.job.skiprecords
2019-10-11 04:30:02,755 INFO org.apache.hadoop.mapred.Task: Task:attempt_local1682183091_0001_r_000000_0 is done. And is in the process of committing
2019-10-11 04:30:02,756 INFO org.apache.hadoop.mapred.LocalJobRunner: 1 / 1 copied.
2019-10-11 04:30:02,756 INFO org.apache.hadoop.mapred.Task: Task attempt_local1682183091_0001_r_000000_0 is allowed to commit now
2019-10-11 04:30:02,757 INFO org.apache.hadoop.mapreduce.lib.output.FileOutputCommitter: Saved output of task 'attempt_local1682183091_0001_r_000000_0' to file:/home/cloudera/workspace/CourseWorkTask1PartC_NumStaffPerDepartment/output/_temporary/0/task_local1682183091_0001_r_000000
2019-10-11 04:30:02,759 INFO org.apache.hadoop.mapred.LocalJobRunner: reduce > reduce
2019-10-11 04:30:02,759 INFO org.apache.hadoop.mapred.Task: Task 'attempt_local1682183091_0001_r_000000_0' done.
2019-10-11 04:30:02,759 INFO org.apache.hadoop.mapred.LocalJobRunner: Finishing task: attempt_local1682183091_0001_r_000000_0
2019-10-11 04:30:02,760 INFO org.apache.hadoop.mapred.LocalJobRunner: reduce task executor complete.
2019-10-11 04:30:02,869 INFO org.apache.hadoop.mapreduce.Job:  map 100% reduce 100%
2019-10-11 04:30:02,870 INFO org.apache.hadoop.mapreduce.Job: Job job_local1682183091_0001 completed successfully
2019-10-11 04:30:02,886 INFO org.apache.hadoop.mapreduce.Job: Counters: 30
	File System Counters
		FILE: Number of bytes read=638266
		FILE: Number of bytes written=780960
		FILE: Number of read operations=0
		FILE: Number of large read operations=0
		FILE: Number of write operations=0
	Map-Reduce Framework
		Map input records=3155
		Map output records=3154
		Map output bytes=56027
		Map output materialized bytes=62341
		Input split bytes=176
		Combine input records=0
		Combine output records=0
		Reduce input groups=8
		Reduce shuffle bytes=62341
		Reduce input records=3154
		Reduce output records=8
		Spilled Records=6308
		Shuffled Maps =1
		Failed Shuffles=0
		Merged Map outputs=1
		GC time elapsed (ms)=0
		Total committed heap usage (bytes)=344981504
	Shuffle Errors
		BAD_ID=0
		CONNECTION=0
		IO_ERROR=0
		WRONG_LENGTH=0
		WRONG_MAP=0
		WRONG_REDUCE=0
	File Input Format Counters 
		Bytes Read=256543
	File Output Format Counters 
		Bytes Written=207
